mode: set
gitlab.cs.ui.ac.id/ppl-fasilkom-ui/2022/Kelas-B/OOP/majapahit-service/internal/place/handler.go:18.43,22.2 1 1
gitlab.cs.ui.ac.id/ppl-fasilkom-ui/2022/Kelas-B/OOP/majapahit-service/internal/place/handler.go:25.69,31.16 5 1
gitlab.cs.ui.ac.id/ppl-fasilkom-ui/2022/Kelas-B/OOP/majapahit-service/internal/place/handler.go:39.2,40.16 2 1
gitlab.cs.ui.ac.id/ppl-fasilkom-ui/2022/Kelas-B/OOP/majapahit-service/internal/place/handler.go:48.2,48.25 1 1
gitlab.cs.ui.ac.id/ppl-fasilkom-ui/2022/Kelas-B/OOP/majapahit-service/internal/place/handler.go:56.2,62.16 6 1
gitlab.cs.ui.ac.id/ppl-fasilkom-ui/2022/Kelas-B/OOP/majapahit-service/internal/place/handler.go:79.2,86.4 1 1
gitlab.cs.ui.ac.id/ppl-fasilkom-ui/2022/Kelas-B/OOP/majapahit-service/internal/place/handler.go:31.16,32.24 1 1
gitlab.cs.ui.ac.id/ppl-fasilkom-ui/2022/Kelas-B/OOP/majapahit-service/internal/place/handler.go:32.24,34.4 1 1
gitlab.cs.ui.ac.id/ppl-fasilkom-ui/2022/Kelas-B/OOP/majapahit-service/internal/place/handler.go:34.9,36.4 1 1
gitlab.cs.ui.ac.id/ppl-fasilkom-ui/2022/Kelas-B/OOP/majapahit-service/internal/place/handler.go:40.16,41.23 1 1
gitlab.cs.ui.ac.id/ppl-fasilkom-ui/2022/Kelas-B/OOP/majapahit-service/internal/place/handler.go:41.23,43.4 1 1
gitlab.cs.ui.ac.id/ppl-fasilkom-ui/2022/Kelas-B/OOP/majapahit-service/internal/place/handler.go:43.9,45.4 1 1
gitlab.cs.ui.ac.id/ppl-fasilkom-ui/2022/Kelas-B/OOP/majapahit-service/internal/place/handler.go:48.25,54.3 1 1
gitlab.cs.ui.ac.id/ppl-fasilkom-ui/2022/Kelas-B/OOP/majapahit-service/internal/place/handler.go:62.16,63.51 1 1
gitlab.cs.ui.ac.id/ppl-fasilkom-ui/2022/Kelas-B/OOP/majapahit-service/internal/place/handler.go:72.3,76.5 2 1
gitlab.cs.ui.ac.id/ppl-fasilkom-ui/2022/Kelas-B/OOP/majapahit-service/internal/place/handler.go:63.51,70.4 2 1
gitlab.cs.ui.ac.id/ppl-fasilkom-ui/2022/Kelas-B/OOP/majapahit-service/internal/place/repo.go:20.32,24.2 1 1
gitlab.cs.ui.ac.id/ppl-fasilkom-ui/2022/Kelas-B/OOP/majapahit-service/internal/place/repo.go:27.90,34.16 6 1
gitlab.cs.ui.ac.id/ppl-fasilkom-ui/2022/Kelas-B/OOP/majapahit-service/internal/place/repo.go:43.2,45.16 3 1
gitlab.cs.ui.ac.id/ppl-fasilkom-ui/2022/Kelas-B/OOP/majapahit-service/internal/place/repo.go:54.2,54.24 1 1
gitlab.cs.ui.ac.id/ppl-fasilkom-ui/2022/Kelas-B/OOP/majapahit-service/internal/place/repo.go:34.16,35.27 1 1
gitlab.cs.ui.ac.id/ppl-fasilkom-ui/2022/Kelas-B/OOP/majapahit-service/internal/place/repo.go:40.3,40.63 1 1
gitlab.cs.ui.ac.id/ppl-fasilkom-ui/2022/Kelas-B/OOP/majapahit-service/internal/place/repo.go:35.27,39.4 3 1
gitlab.cs.ui.ac.id/ppl-fasilkom-ui/2022/Kelas-B/OOP/majapahit-service/internal/place/repo.go:45.16,46.27 1 1
gitlab.cs.ui.ac.id/ppl-fasilkom-ui/2022/Kelas-B/OOP/majapahit-service/internal/place/repo.go:51.3,51.63 1 1
gitlab.cs.ui.ac.id/ppl-fasilkom-ui/2022/Kelas-B/OOP/majapahit-service/internal/place/repo.go:46.27,50.4 3 1
gitlab.cs.ui.ac.id/ppl-fasilkom-ui/2022/Kelas-B/OOP/majapahit-service/internal/place/repo.go:58.103,63.16 4 1
gitlab.cs.ui.ac.id/ppl-fasilkom-ui/2022/Kelas-B/OOP/majapahit-service/internal/place/repo.go:67.2,67.21 1 1
gitlab.cs.ui.ac.id/ppl-fasilkom-ui/2022/Kelas-B/OOP/majapahit-service/internal/place/repo.go:63.16,65.3 1 1
gitlab.cs.ui.ac.id/ppl-fasilkom-ui/2022/Kelas-B/OOP/majapahit-service/internal/place/service.go:19.36,21.2 1 1
gitlab.cs.ui.ac.id/ppl-fasilkom-ui/2022/Kelas-B/OOP/majapahit-service/internal/place/service.go:23.110,26.22 2 1
gitlab.cs.ui.ac.id/ppl-fasilkom-ui/2022/Kelas-B/OOP/majapahit-service/internal/place/service.go:30.2,30.23 1 1
gitlab.cs.ui.ac.id/ppl-fasilkom-ui/2022/Kelas-B/OOP/majapahit-service/internal/place/service.go:34.2,34.34 1 1
gitlab.cs.ui.ac.id/ppl-fasilkom-ui/2022/Kelas-B/OOP/majapahit-service/internal/place/service.go:38.2,38.23 1 1
gitlab.cs.ui.ac.id/ppl-fasilkom-ui/2022/Kelas-B/OOP/majapahit-service/internal/place/service.go:42.2,42.24 1 1
gitlab.cs.ui.ac.id/ppl-fasilkom-ui/2022/Kelas-B/OOP/majapahit-service/internal/place/service.go:46.2,47.16 2 1
gitlab.cs.ui.ac.id/ppl-fasilkom-ui/2022/Kelas-B/OOP/majapahit-service/internal/place/service.go:51.2,51.34 1 1
gitlab.cs.ui.ac.id/ppl-fasilkom-ui/2022/Kelas-B/OOP/majapahit-service/internal/place/service.go:61.2,63.36 2 1
gitlab.cs.ui.ac.id/ppl-fasilkom-ui/2022/Kelas-B/OOP/majapahit-service/internal/place/service.go:26.22,28.3 1 1
gitlab.cs.ui.ac.id/ppl-fasilkom-ui/2022/Kelas-B/OOP/majapahit-service/internal/place/service.go:30.23,32.3 1 1
gitlab.cs.ui.ac.id/ppl-fasilkom-ui/2022/Kelas-B/OOP/majapahit-service/internal/place/service.go:34.34,36.3 1 1
gitlab.cs.ui.ac.id/ppl-fasilkom-ui/2022/Kelas-B/OOP/majapahit-service/internal/place/service.go:38.23,40.3 1 1
gitlab.cs.ui.ac.id/ppl-fasilkom-ui/2022/Kelas-B/OOP/majapahit-service/internal/place/service.go:42.24,44.3 1 1
gitlab.cs.ui.ac.id/ppl-fasilkom-ui/2022/Kelas-B/OOP/majapahit-service/internal/place/service.go:47.16,49.3 1 1
gitlab.cs.ui.ac.id/ppl-fasilkom-ui/2022/Kelas-B/OOP/majapahit-service/internal/place/service.go:51.34,53.23 2 1
gitlab.cs.ui.ac.id/ppl-fasilkom-ui/2022/Kelas-B/OOP/majapahit-service/internal/place/service.go:57.3,58.78 2 1
gitlab.cs.ui.ac.id/ppl-fasilkom-ui/2022/Kelas-B/OOP/majapahit-service/internal/place/service.go:53.23,55.4 1 1
gitlab.cs.ui.ac.id/ppl-fasilkom-ui/2022/Kelas-B/OOP/majapahit-service/internal/checkup/handler.go:16.43,20.2 1 1
gitlab.cs.ui.ac.id/ppl-fasilkom-ui/2022/Kelas-B/OOP/majapahit-service/internal/checkup/handler.go:23.63,25.16 2 1
gitlab.cs.ui.ac.id/ppl-fasilkom-ui/2022/Kelas-B/OOP/majapahit-service/internal/checkup/handler.go:33.2,36.4 1 1
gitlab.cs.ui.ac.id/ppl-fasilkom-ui/2022/Kelas-B/OOP/majapahit-service/internal/checkup/handler.go:25.16,31.3 2 1
gitlab.cs.ui.ac.id/ppl-fasilkom-ui/2022/Kelas-B/OOP/majapahit-service/internal/checkup/repo.go:9.32,13.2 1 1
gitlab.cs.ui.ac.id/ppl-fasilkom-ui/2022/Kelas-B/OOP/majapahit-service/internal/checkup/repo.go:24.53,25.17 1 1
gitlab.cs.ui.ac.id/ppl-fasilkom-ui/2022/Kelas-B/OOP/majapahit-service/internal/checkup/repo.go:29.2,30.16 2 1
gitlab.cs.ui.ac.id/ppl-fasilkom-ui/2022/Kelas-B/OOP/majapahit-service/internal/checkup/repo.go:34.2,34.18 1 1
gitlab.cs.ui.ac.id/ppl-fasilkom-ui/2022/Kelas-B/OOP/majapahit-service/internal/checkup/repo.go:25.17,27.3 1 1
gitlab.cs.ui.ac.id/ppl-fasilkom-ui/2022/Kelas-B/OOP/majapahit-service/internal/checkup/repo.go:30.16,32.3 1 1
gitlab.cs.ui.ac.id/ppl-fasilkom-ui/2022/Kelas-B/OOP/majapahit-service/internal/checkup/service.go:4.36,8.2 1 1
gitlab.cs.ui.ac.id/ppl-fasilkom-ui/2022/Kelas-B/OOP/majapahit-service/internal/checkup/service.go:19.56,21.16 2 1
gitlab.cs.ui.ac.id/ppl-fasilkom-ui/2022/Kelas-B/OOP/majapahit-service/internal/checkup/service.go:25.2,25.18 1 1
gitlab.cs.ui.ac.id/ppl-fasilkom-ui/2022/Kelas-B/OOP/majapahit-service/internal/checkup/service.go:21.16,23.3 1 1
gitlab.cs.ui.ac.id/ppl-fasilkom-ui/2022/Kelas-B/OOP/majapahit-service/util/errors.go:6.48,11.2 3 1
gitlab.cs.ui.ac.id/ppl-fasilkom-ui/2022/Kelas-B/OOP/majapahit-service/util/pagination.go:21.78,23.20 2 1
gitlab.cs.ui.ac.id/ppl-fasilkom-ui/2022/Kelas-B/OOP/majapahit-service/util/pagination.go:27.2,35.24 2 1
gitlab.cs.ui.ac.id/ppl-fasilkom-ui/2022/Kelas-B/OOP/majapahit-service/util/pagination.go:51.2,51.19 1 1
gitlab.cs.ui.ac.id/ppl-fasilkom-ui/2022/Kelas-B/OOP/majapahit-service/util/pagination.go:23.20,25.3 1 1
gitlab.cs.ui.ac.id/ppl-fasilkom-ui/2022/Kelas-B/OOP/majapahit-service/util/pagination.go:35.24,36.16 1 1
gitlab.cs.ui.ac.id/ppl-fasilkom-ui/2022/Kelas-B/OOP/majapahit-service/util/pagination.go:36.16,39.4 2 1
gitlab.cs.ui.ac.id/ppl-fasilkom-ui/2022/Kelas-B/OOP/majapahit-service/util/pagination.go:39.9,39.31 1 1
gitlab.cs.ui.ac.id/ppl-fasilkom-ui/2022/Kelas-B/OOP/majapahit-service/util/pagination.go:39.31,42.4 2 1
gitlab.cs.ui.ac.id/ppl-fasilkom-ui/2022/Kelas-B/OOP/majapahit-service/util/pagination.go:42.9,45.4 2 1
gitlab.cs.ui.ac.id/ppl-fasilkom-ui/2022/Kelas-B/OOP/majapahit-service/util/pagination.go:46.8,49.3 2 1
gitlab.cs.ui.ac.id/ppl-fasilkom-ui/2022/Kelas-B/OOP/majapahit-service/util/pagination.go:54.69,56.2 1 1
gitlab.cs.ui.ac.id/ppl-fasilkom-ui/2022/Kelas-B/OOP/majapahit-service/api/server.go:19.43,23.2 1 1
gitlab.cs.ui.ac.id/ppl-fasilkom-ui/2022/Kelas-B/OOP/majapahit-service/api/server.go:36.24,54.2 9 1
gitlab.cs.ui.ac.id/ppl-fasilkom-ui/2022/Kelas-B/OOP/majapahit-service/api/server.go:57.40,58.68 1 1
gitlab.cs.ui.ac.id/ppl-fasilkom-ui/2022/Kelas-B/OOP/majapahit-service/api/server.go:58.68,60.3 1 1
gitlab.cs.ui.ac.id/ppl-fasilkom-ui/2022/Kelas-B/OOP/majapahit-service/api/router.go:17.105,23.2 1 1
gitlab.cs.ui.ac.id/ppl-fasilkom-ui/2022/Kelas-B/OOP/majapahit-service/api/router.go:26.25,37.2 4 1
gitlab.cs.ui.ac.id/ppl-fasilkom-ui/2022/Kelas-B/OOP/majapahit-service/database/postgres/postgres.go:14.22,16.38 2 1
gitlab.cs.ui.ac.id/ppl-fasilkom-ui/2022/Kelas-B/OOP/majapahit-service/database/postgres/postgres.go:20.2,21.16 2 1
gitlab.cs.ui.ac.id/ppl-fasilkom-ui/2022/Kelas-B/OOP/majapahit-service/database/postgres/postgres.go:26.2,27.11 2 1
gitlab.cs.ui.ac.id/ppl-fasilkom-ui/2022/Kelas-B/OOP/majapahit-service/database/postgres/postgres.go:16.38,18.3 1 1
gitlab.cs.ui.ac.id/ppl-fasilkom-ui/2022/Kelas-B/OOP/majapahit-service/database/postgres/postgres.go:21.16,24.3 2 1
